TN:
SF:src\components\CreateSolicitudModal.jsx
FN:4,(anonymous_0)
FNF:1
FNH:1
FNDA:1,(anonymous_0)
DA:4,1
DA:5,1
LF:2
LH:2
BRF:0
BRH:0
end_of_record
TN:
SF:src\components\CreateSolicitudModalUser.jsx
FN:4,(anonymous_0)
FNF:1
FNH:1
FNDA:1,(anonymous_0)
DA:4,1
DA:5,1
LF:2
LH:2
BRF:0
BRH:0
end_of_record
TN:
SF:src\components\SolicitudCard.jsx
FN:5,(anonymous_0)
FN:7,(anonymous_1)
FNF:2
FNH:2
FNDA:1,(anonymous_0)
FNDA:1,(anonymous_1)
DA:5,1
DA:6,1
DA:7,1
DA:8,1
DA:9,1
DA:10,0
DA:12,1
DA:15,1
DA:18,1
LF:9
LH:8
BRDA:8,0,0,1
BRDA:8,0,1,0
BRDA:9,1,0,0
BRDA:9,1,1,1
BRDA:22,2,0,0
BRDA:22,2,1,1
BRDA:35,3,0,1
BRDA:35,3,1,0
BRDA:41,4,0,1
BRDA:41,4,1,0
BRDA:45,5,0,1
BRDA:45,5,1,0
BRF:12
BRH:6
end_of_record
TN:
SF:src\components\SolicitudDetail.jsx
FN:8,(anonymous_0)
FN:37,(anonymous_1)
FN:40,(anonymous_2)
FN:43,(anonymous_3)
FN:47,(anonymous_4)
FN:48,(anonymous_5)
FN:67,(anonymous_6)
FN:68,(anonymous_7)
FN:88,(anonymous_8)
FN:90,(anonymous_9)
FN:94,(anonymous_10)
FN:98,(anonymous_11)
FN:106,(anonymous_12)
FN:112,(anonymous_13)
FN:118,(anonymous_14)
FN:129,(anonymous_15)
FN:131,(anonymous_16)
FN:136,(anonymous_17)
FN:137,(anonymous_18)
FN:137,(anonymous_19)
FN:140,(anonymous_20)
FN:144,(anonymous_21)
FN:152,(anonymous_22)
FN:157,(anonymous_23)
FN:161,(anonymous_24)
FN:162,(anonymous_25)
FN:167,(anonymous_26)
FN:172,(anonymous_27)
FN:181,(anonymous_28)
FN:186,(anonymous_29)
FN:201,(anonymous_30)
FN:294,(anonymous_31)
FN:333,(anonymous_32)
FN:358,(anonymous_33)
FN:374,(anonymous_34)
FN:375,(anonymous_35)
FN:376,(anonymous_36)
FN:383,(anonymous_37)
FN:390,(anonymous_38)
FN:415,(anonymous_39)
FN:444,(anonymous_40)
FN:450,(anonymous_41)
FN:451,(anonymous_42)
FN:460,(anonymous_43)
FN:473,(anonymous_44)
FN:481,(anonymous_45)
FN:503,(anonymous_46)
FN:509,(anonymous_47)
FN:510,(anonymous_48)
FN:519,(anonymous_49)
FN:532,(anonymous_50)
FN:540,(anonymous_51)
FN:562,(anonymous_52)
FN:568,(anonymous_53)
FN:569,(anonymous_54)
FN:578,(anonymous_55)
FN:591,(anonymous_56)
FN:599,(anonymous_57)
FN:629,(anonymous_58)
FN:666,(anonymous_59)
FN:667,(anonymous_60)
FNF:61
FNH:36
FNDA:39,(anonymous_0)
FNDA:10,(anonymous_1)
FNDA:8,(anonymous_2)
FNDA:10,(anonymous_3)
FNDA:10,(anonymous_4)
FNDA:10,(anonymous_5)
FNDA:10,(anonymous_6)
FNDA:10,(anonymous_7)
FNDA:1,(anonymous_8)
FNDA:1,(anonymous_9)
FNDA:1,(anonymous_10)
FNDA:1,(anonymous_11)
FNDA:0,(anonymous_12)
FNDA:0,(anonymous_13)
FNDA:0,(anonymous_14)
FNDA:1,(anonymous_15)
FNDA:1,(anonymous_16)
FNDA:0,(anonymous_17)
FNDA:0,(anonymous_18)
FNDA:0,(anonymous_19)
FNDA:0,(anonymous_20)
FNDA:1,(anonymous_21)
FNDA:1,(anonymous_22)
FNDA:1,(anonymous_23)
FNDA:1,(anonymous_24)
FNDA:1,(anonymous_25)
FNDA:2,(anonymous_26)
FNDA:2,(anonymous_27)
FNDA:0,(anonymous_28)
FNDA:2,(anonymous_29)
FNDA:2,(anonymous_30)
FNDA:18,(anonymous_31)
FNDA:0,(anonymous_32)
FNDA:1,(anonymous_33)
FNDA:0,(anonymous_34)
FNDA:0,(anonymous_35)
FNDA:0,(anonymous_36)
FNDA:3,(anonymous_37)
FNDA:0,(anonymous_38)
FNDA:0,(anonymous_39)
FNDA:3,(anonymous_40)
FNDA:3,(anonymous_41)
FNDA:3,(anonymous_42)
FNDA:0,(anonymous_43)
FNDA:2,(anonymous_44)
FNDA:2,(anonymous_45)
FNDA:3,(anonymous_46)
FNDA:0,(anonymous_47)
FNDA:0,(anonymous_48)
FNDA:0,(anonymous_49)
FNDA:0,(anonymous_50)
FNDA:0,(anonymous_51)
FNDA:3,(anonymous_52)
FNDA:0,(anonymous_53)
FNDA:0,(anonymous_54)
FNDA:0,(anonymous_55)
FNDA:0,(anonymous_56)
FNDA:0,(anonymous_57)
FNDA:1,(anonymous_58)
FNDA:4,(anonymous_59)
FNDA:5,(anonymous_60)
DA:8,1
DA:20,39
DA:21,39
DA:22,39
DA:23,39
DA:24,39
DA:25,39
DA:26,39
DA:27,39
DA:28,39
DA:29,39
DA:31,39
DA:37,39
DA:38,10
DA:39,10
DA:40,10
DA:41,8
DA:43,10
DA:47,39
DA:48,10
DA:49,10
DA:50,10
DA:51,10
DA:52,10
DA:57,10
DA:59,0
DA:64,10
DA:67,10
DA:68,10
DA:69,10
DA:70,10
DA:71,10
DA:72,10
DA:77,10
DA:79,0
DA:83,10
DA:88,39
DA:89,1
DA:90,1
DA:94,1
DA:98,39
DA:99,1
DA:100,1
DA:101,1
DA:102,1
DA:106,39
DA:107,0
DA:108,0
DA:109,0
DA:112,39
DA:113,0
DA:114,0
DA:115,0
DA:118,39
DA:119,0
DA:120,0
DA:121,0
DA:123,0
DA:124,0
DA:125,0
DA:129,39
DA:130,1
DA:131,1
DA:132,1
DA:136,39
DA:137,0
DA:140,39
DA:141,0
DA:144,39
DA:145,1
DA:146,1
DA:147,1
DA:148,1
DA:149,1
DA:152,39
DA:153,1
DA:154,1
DA:155,1
DA:156,1
DA:157,1
DA:161,39
DA:162,1
DA:163,1
DA:164,0
DA:167,39
DA:168,2
DA:169,2
DA:172,39
DA:173,2
DA:174,2
DA:175,2
DA:176,1
DA:178,2
DA:181,39
DA:182,0
DA:183,0
DA:186,39
DA:187,2
DA:188,2
DA:189,1
DA:191,1
DA:197,1
DA:201,39
DA:202,2
DA:213,2
DA:214,1
DA:218,39
DA:294,18
DA:333,0
DA:359,1
DA:375,0
DA:376,0
DA:377,0
DA:384,3
DA:390,0
DA:415,0
DA:444,3
DA:450,3
DA:452,3
DA:460,0
DA:473,2
DA:481,2
DA:503,3
DA:509,0
DA:511,0
DA:519,0
DA:532,0
DA:540,0
DA:562,3
DA:568,0
DA:570,0
DA:578,0
DA:591,0
DA:599,0
DA:630,1
DA:631,1
DA:666,4
DA:667,5
LF:138
LH:102
BRDA:16,0,0,39
BRDA:17,1,0,39
BRDA:38,2,0,0
BRDA:38,2,1,10
BRDA:49,3,0,10
BRDA:49,3,1,0
BRDA:69,4,0,10
BRDA:69,4,1,0
BRDA:89,5,0,1
BRDA:89,5,1,0
BRDA:89,6,0,1
BRDA:89,6,1,1
BRDA:100,7,0,1
BRDA:100,7,1,0
BRDA:100,8,0,1
BRDA:100,8,1,1
BRDA:124,9,0,0
BRDA:124,9,1,0
BRDA:124,10,0,0
BRDA:124,10,1,0
BRDA:130,11,0,1
BRDA:130,11,1,0
BRDA:145,12,0,0
BRDA:145,12,1,1
BRDA:153,13,0,1
BRDA:153,13,1,0
BRDA:162,14,0,1
BRDA:162,14,1,1
BRDA:163,15,0,1
BRDA:163,15,1,0
BRDA:164,16,0,0
BRDA:164,16,1,0
BRDA:164,16,2,0
BRDA:168,17,0,2
BRDA:168,17,1,0
BRDA:173,18,0,2
BRDA:173,18,1,0
BRDA:174,19,0,2
BRDA:174,19,1,0
BRDA:175,20,0,1
BRDA:175,20,1,1
BRDA:175,21,0,2
BRDA:175,21,1,1
BRDA:213,22,0,1
BRDA:213,22,1,1
BRDA:226,23,0,39
BRDA:226,23,1,0
BRDA:228,24,0,39
BRDA:228,24,1,0
BRDA:234,25,0,39
BRDA:234,25,1,1
BRDA:249,26,0,39
BRDA:249,26,1,0
BRDA:253,27,0,39
BRDA:253,27,1,0
BRDA:259,28,0,39
BRDA:259,28,1,0
BRDA:263,29,0,0
BRDA:263,29,1,39
BRDA:263,30,0,39
BRDA:263,30,1,39
BRDA:263,30,2,0
BRDA:280,31,0,39
BRDA:280,31,1,24
BRDA:280,31,2,4
BRDA:290,32,0,20
BRDA:290,32,1,19
BRDA:318,33,0,19
BRDA:318,33,1,0
BRDA:328,34,0,38
BRDA:328,34,1,1
BRDA:335,35,0,0
BRDA:335,35,1,38
BRDA:341,36,0,0
BRDA:341,36,1,38
BRDA:342,37,0,0
BRDA:342,37,1,38
BRDA:343,38,0,0
BRDA:343,38,1,38
BRDA:355,39,0,0
BRDA:355,39,1,1
BRDA:355,40,0,0
BRDA:355,40,1,1
BRDA:377,41,0,0
BRDA:377,41,1,0
BRDA:405,42,0,0
BRDA:405,42,1,1
BRDA:444,43,0,36
BRDA:444,43,1,3
BRDA:466,44,0,0
BRDA:466,44,1,3
BRDA:466,45,0,3
BRDA:466,45,1,3
BRDA:466,46,0,0
BRDA:466,46,1,0
BRDA:503,47,0,39
BRDA:503,47,1,0
BRDA:525,48,0,0
BRDA:525,48,1,0
BRDA:525,49,0,0
BRDA:525,49,1,0
BRDA:525,50,0,0
BRDA:525,50,1,0
BRDA:562,51,0,39
BRDA:562,51,1,0
BRDA:584,52,0,0
BRDA:584,52,1,0
BRDA:584,53,0,0
BRDA:584,53,1,0
BRDA:584,54,0,0
BRDA:584,54,1,0
BRDA:626,55,0,38
BRDA:626,55,1,1
BRDA:634,56,0,0
BRDA:634,56,1,1
BRDA:638,57,0,0
BRDA:638,57,1,1
BRDA:644,58,0,0
BRDA:644,58,1,1
BRDA:650,59,0,0
BRDA:650,59,1,1
BRDA:667,60,0,5
BRDA:667,60,1,1
BRDA:668,61,0,24
BRDA:668,61,1,15
BRDA:675,62,0,1
BRDA:675,62,1,38
BRF:127
BRH:70
end_of_record
TN:
SF:src\components\SolicitudModalBase.jsx
FN:4,(anonymous_0)
FN:31,(anonymous_1)
FN:37,(anonymous_2)
FN:40,(anonymous_3)
FN:44,(anonymous_4)
FN:46,(anonymous_5)
FN:48,(anonymous_6)
FN:52,(anonymous_7)
FN:52,(anonymous_8)
FN:56,(anonymous_9)
FN:61,(anonymous_10)
FN:67,(anonymous_11)
FN:114,(anonymous_12)
FN:116,(anonymous_13)
FN:132,(anonymous_14)
FN:160,(anonymous_15)
FNF:16
FNH:16
FNDA:69,(anonymous_0)
FNDA:5,(anonymous_1)
FNDA:20,(anonymous_2)
FNDA:20,(anonymous_3)
FNDA:28,(anonymous_4)
FNDA:20,(anonymous_5)
FNDA:20,(anonymous_6)
FNDA:20,(anonymous_7)
FNDA:14,(anonymous_8)
FNDA:2,(anonymous_9)
FNDA:1,(anonymous_10)
FNDA:2,(anonymous_11)
FNDA:45,(anonymous_12)
FNDA:45,(anonymous_13)
FNDA:10,(anonymous_14)
FNDA:14,(anonymous_15)
DA:4,3
DA:18,69
DA:27,69
DA:28,69
DA:29,69
DA:31,69
DA:32,5
DA:33,5
DA:37,69
DA:40,20
DA:44,69
DA:46,69
DA:47,69
DA:48,20
DA:51,69
DA:52,20
DA:56,69
DA:57,2
DA:58,2
DA:59,2
DA:60,2
DA:61,2
DA:62,1
DA:63,1
DA:67,69
DA:68,2
DA:69,2
DA:70,0
DA:71,0
DA:72,0
DA:73,0
DA:74,0
DA:77,2
DA:79,2
DA:87,2
DA:88,1
DA:89,1
DA:91,0
DA:94,1
DA:95,1
DA:97,0
DA:101,2
DA:110,2
DA:111,2
DA:114,69
DA:115,45
DA:116,45
DA:119,69
DA:121,69
DA:132,10
DA:160,14
LF:51
LH:44
BRDA:32,0,0,5
BRDA:32,0,1,0
BRDA:38,1,0,20
BRDA:38,1,1,6
BRDA:59,2,0,0
BRDA:59,2,1,2
BRDA:69,3,0,0
BRDA:69,3,1,2
BRDA:69,4,0,2
BRDA:69,4,1,0
BRDA:72,5,0,0
BRDA:72,5,1,0
BRDA:87,6,0,1
BRDA:87,6,1,1
BRDA:88,7,0,1
BRDA:88,7,1,0
BRDA:88,8,0,1
BRDA:88,8,1,1
BRDA:94,9,0,1
BRDA:94,9,1,0
BRDA:94,10,0,1
BRDA:94,10,1,1
BRDA:94,10,2,1
BRDA:119,11,0,0
BRDA:119,11,1,69
BRDA:119,12,0,69
BRDA:119,12,1,0
BRDA:124,13,0,2
BRDA:124,13,1,67
BRDA:130,14,0,2
BRDA:130,14,1,67
BRDA:148,15,0,69
BRDA:148,15,1,48
BRDA:164,16,0,48
BRDA:164,16,1,34
BRDA:166,17,0,34
BRDA:166,17,1,0
BRDA:166,18,0,34
BRDA:166,18,1,0
BRDA:166,19,0,34
BRDA:166,19,1,0
BRDA:169,20,0,48
BRDA:169,20,1,10
BRDA:174,21,0,48
BRDA:174,21,1,14
BRDA:194,22,0,69
BRDA:194,22,1,1
BRDA:199,23,0,69
BRDA:199,23,1,21
BRDA:260,24,0,69
BRDA:260,24,1,68
BRDA:275,25,0,69
BRDA:275,25,1,67
BRDA:279,26,0,69
BRDA:279,26,1,0
BRF:55
BRH:41
end_of_record
TN:
SF:src\pages\AdminDashboard.jsx
FN:10,(anonymous_0)
FN:41,(anonymous_1)
FN:46,(anonymous_2)
FN:47,(anonymous_3)
FN:57,(anonymous_4)
FN:58,(anonymous_5)
FN:64,(anonymous_6)
FN:67,(anonymous_7)
FN:84,(anonymous_8)
FN:96,(anonymous_9)
FN:97,(anonymous_10)
FN:98,(anonymous_11)
FN:99,(anonymous_12)
FN:110,(anonymous_13)
FN:132,(anonymous_14)
FN:154,(anonymous_15)
FN:179,(anonymous_16)
FN:183,(anonymous_17)
FN:183,(anonymous_18)
FN:196,(anonymous_19)
FN:200,(anonymous_20)
FN:215,(anonymous_21)
FN:216,(anonymous_22)
FN:219,(anonymous_23)
FN:224,(anonymous_24)
FN:228,(anonymous_25)
FN:231,(anonymous_26)
FN:234,(anonymous_27)
FN:237,(anonymous_28)
FN:240,(anonymous_29)
FN:246,(anonymous_30)
FN:247,(anonymous_31)
FN:251,(anonymous_32)
FN:269,(anonymous_33)
FN:270,(anonymous_34)
FN:274,(anonymous_35)
FN:292,(anonymous_36)
FN:296,(anonymous_37)
FN:299,(anonymous_38)
FN:316,(anonymous_39)
FN:319,(anonymous_40)
FN:322,(anonymous_41)
FN:332,(anonymous_42)
FN:335,(anonymous_43)
FN:352,(anonymous_44)
FN:356,(anonymous_45)
FN:374,(anonymous_46)
FN:375,(anonymous_47)
FN:380,(anonymous_48)
FN:430,(anonymous_49)
FN:436,(anonymous_50)
FN:440,(anonymous_51)
FN:447,(anonymous_52)
FN:450,(anonymous_53)
FN:456,(anonymous_54)
FN:464,(anonymous_55)
FN:471,(anonymous_56)
FN:474,(anonymous_57)
FN:480,(anonymous_58)
FN:488,(anonymous_59)
FN:491,(anonymous_60)
FN:498,(anonymous_61)
FN:503,(anonymous_62)
FN:506,(anonymous_63)
FN:511,(anonymous_64)
FN:516,(anonymous_65)
FN:531,(anonymous_66)
FN:542,(anonymous_67)
FN:559,(anonymous_68)
FN:560,(anonymous_69)
FN:612,(anonymous_70)
FN:655,(anonymous_71)
FN:662,(anonymous_72)
FN:694,(anonymous_73)
FN:708,(anonymous_74)
FN:716,(anonymous_75)
FN:717,(anonymous_76)
FN:805,(anonymous_77)
FN:822,(anonymous_78)
FN:869,(anonymous_79)
FN:888,(anonymous_80)
FN:935,(anonymous_81)
FN:936,(anonymous_82)
FN:944,(anonymous_83)
FN:997,(anonymous_84)
FN:998,(anonymous_85)
FN:1005,(anonymous_86)
FN:1053,(anonymous_87)
FN:1069,(anonymous_88)
FN:1085,(anonymous_89)
FN:1101,(anonymous_90)
FN:1117,(anonymous_91)
FN:1141,(anonymous_92)
FN:1150,(anonymous_93)
FN:1194,(anonymous_94)
FN:1195,(anonymous_95)
FN:1201,(anonymous_96)
FN:1248,(anonymous_97)
FN:1249,(anonymous_98)
FN:1255,(anonymous_99)
FN:1312,(anonymous_100)
FN:1312,(anonymous_101)
FN:1322,(anonymous_102)
FN:1322,(anonymous_103)
FN:1339,(anonymous_104)
FN:1339,(anonymous_105)
FN:1349,(anonymous_106)
FN:1349,(anonymous_107)
FN:1370,(anonymous_108)
FN:1380,(anonymous_109)
FN:1383,(anonymous_110)
FN:1472,(anonymous_111)
FN:1475,(anonymous_112)
FN:1475,(anonymous_113)
FN:1483,(anonymous_114)
FN:1492,(anonymous_115)
FN:1515,(anonymous_116)
FN:1518,(anonymous_117)
FN:1518,(anonymous_118)
FN:1526,(anonymous_119)
FN:1535,(anonymous_120)
FN:1558,(anonymous_121)
FN:1561,(anonymous_122)
FN:1561,(anonymous_123)
FN:1569,(anonymous_124)
FN:1578,(anonymous_125)
FN:1603,(anonymous_126)
FN:1640,(anonymous_127)
FN:1641,(anonymous_128)
FN:1678,(anonymous_129)
FNF:130
FNH:70
FNDA:32,(anonymous_0)
FNDA:32,(anonymous_1)
FNDA:62,(anonymous_2)
FNDA:62,(anonymous_3)
FNDA:62,(anonymous_4)
FNDA:62,(anonymous_5)
FNDA:32,(anonymous_6)
FNDA:62,(anonymous_7)
FNDA:14,(anonymous_8)
FNDA:62,(anonymous_9)
FNDA:62,(anonymous_10)
FNDA:62,(anonymous_11)
FNDA:62,(anonymous_12)
FNDA:1,(anonymous_13)
FNDA:0,(anonymous_14)
FNDA:90,(anonymous_15)
FNDA:2,(anonymous_16)
FNDA:1,(anonymous_17)
FNDA:1,(anonymous_18)
FNDA:16,(anonymous_19)
FNDA:1,(anonymous_20)
FNDA:120,(anonymous_21)
FNDA:212,(anonymous_22)
FNDA:0,(anonymous_23)
FNDA:15,(anonymous_24)
FNDA:15,(anonymous_25)
FNDA:10,(anonymous_26)
FNDA:1,(anonymous_27)
FNDA:1,(anonymous_28)
FNDA:10,(anonymous_29)
FNDA:9,(anonymous_30)
FNDA:9,(anonymous_31)
FNDA:16,(anonymous_32)
FNDA:9,(anonymous_33)
FNDA:9,(anonymous_34)
FNDA:16,(anonymous_35)
FNDA:10,(anonymous_36)
FNDA:9,(anonymous_37)
FNDA:0,(anonymous_38)
FNDA:0,(anonymous_39)
FNDA:11,(anonymous_40)
FNDA:1,(anonymous_41)
FNDA:1,(anonymous_42)
FNDA:0,(anonymous_43)
FNDA:2,(anonymous_44)
FNDA:1,(anonymous_45)
FNDA:0,(anonymous_46)
FNDA:0,(anonymous_47)
FNDA:1,(anonymous_48)
FNDA:1,(anonymous_49)
FNDA:1,(anonymous_50)
FNDA:0,(anonymous_51)
FNDA:0,(anonymous_52)
FNDA:0,(anonymous_53)
FNDA:0,(anonymous_54)
FNDA:0,(anonymous_55)
FNDA:0,(anonymous_56)
FNDA:0,(anonymous_57)
FNDA:0,(anonymous_58)
FNDA:0,(anonymous_59)
FNDA:0,(anonymous_60)
FNDA:0,(anonymous_61)
FNDA:0,(anonymous_62)
FNDA:0,(anonymous_63)
FNDA:0,(anonymous_64)
FNDA:0,(anonymous_65)
FNDA:2,(anonymous_66)
FNDA:2,(anonymous_67)
FNDA:13,(anonymous_68)
FNDA:26,(anonymous_69)
FNDA:2,(anonymous_70)
FNDA:1,(anonymous_71)
FNDA:1,(anonymous_72)
FNDA:2,(anonymous_73)
FNDA:1,(anonymous_74)
FNDA:1,(anonymous_75)
FNDA:1,(anonymous_76)
FNDA:0,(anonymous_77)
FNDA:0,(anonymous_78)
FNDA:0,(anonymous_79)
FNDA:0,(anonymous_80)
FNDA:0,(anonymous_81)
FNDA:0,(anonymous_82)
FNDA:0,(anonymous_83)
FNDA:0,(anonymous_84)
FNDA:0,(anonymous_85)
FNDA:0,(anonymous_86)
FNDA:0,(anonymous_87)
FNDA:0,(anonymous_88)
FNDA:0,(anonymous_89)
FNDA:1,(anonymous_90)
FNDA:0,(anonymous_91)
FNDA:0,(anonymous_92)
FNDA:0,(anonymous_93)
FNDA:45,(anonymous_94)
FNDA:45,(anonymous_95)
FNDA:1,(anonymous_96)
FNDA:45,(anonymous_97)
FNDA:45,(anonymous_98)
FNDA:0,(anonymous_99)
FNDA:0,(anonymous_100)
FNDA:0,(anonymous_101)
FNDA:0,(anonymous_102)
FNDA:0,(anonymous_103)
FNDA:0,(anonymous_104)
FNDA:0,(anonymous_105)
FNDA:0,(anonymous_106)
FNDA:0,(anonymous_107)
FNDA:1,(anonymous_108)
FNDA:0,(anonymous_109)
FNDA:0,(anonymous_110)
FNDA:15,(anonymous_111)
FNDA:15,(anonymous_112)
FNDA:15,(anonymous_113)
FNDA:0,(anonymous_114)
FNDA:0,(anonymous_115)
FNDA:15,(anonymous_116)
FNDA:0,(anonymous_117)
FNDA:0,(anonymous_118)
FNDA:0,(anonymous_119)
FNDA:0,(anonymous_120)
FNDA:15,(anonymous_121)
FNDA:0,(anonymous_122)
FNDA:0,(anonymous_123)
FNDA:0,(anonymous_124)
FNDA:0,(anonymous_125)
FNDA:15,(anonymous_126)
FNDA:13,(anonymous_127)
FNDA:14,(anonymous_128)
FNDA:0,(anonymous_129)
DA:10,1
DA:11,32
DA:12,32
DA:13,32
DA:14,32
DA:15,32
DA:16,32
DA:17,32
DA:18,32
DA:19,32
DA:20,32
DA:21,32
DA:22,32
DA:23,32
DA:24,32
DA:25,32
DA:26,32
DA:27,32
DA:28,32
DA:29,32
DA:30,32
DA:31,32
DA:32,32
DA:33,32
DA:34,32
DA:35,32
DA:36,32
DA:37,32
DA:41,32
DA:42,32
DA:46,32
DA:47,62
DA:48,62
DA:53,62
DA:57,32
DA:58,62
DA:59,62
DA:61,62
DA:64,32
DA:67,32
DA:68,62
DA:69,62
DA:72,62
DA:73,62
DA:74,62
DA:75,0
DA:77,62
DA:78,62
DA:79,62
DA:80,62
DA:81,62
DA:83,62
DA:84,14
DA:86,32
DA:87,32
DA:88,32
DA:94,32
DA:96,62
DA:97,62
DA:98,62
DA:99,62
DA:102,32
DA:110,32
DA:111,1
DA:113,1
DA:114,0
DA:115,0
DA:118,1
DA:133,0
DA:134,0
DA:136,0
DA:137,0
DA:138,0
DA:140,0
DA:141,0
DA:143,0
DA:147,1
DA:148,1
DA:149,1
DA:152,32
DA:154,32
DA:155,90
DA:156,90
DA:157,90
DA:163,90
DA:170,90
DA:171,4
DA:178,86
DA:179,2
DA:183,1
DA:197,16
DA:201,1
DA:202,1
DA:215,32
DA:216,212
DA:217,120
DA:218,0
DA:219,0
DA:220,0
DA:223,32
DA:224,15
DA:227,32
DA:228,15
DA:231,32
DA:232,10
DA:233,1
DA:234,1
DA:235,1
DA:237,1
DA:240,32
DA:241,10
DA:242,1
DA:246,32
DA:247,9
DA:248,9
DA:249,8
DA:250,8
DA:251,8
DA:252,16
DA:253,16
DA:258,16
DA:259,16
DA:261,8
DA:263,0
DA:267,9
DA:269,9
DA:270,9
DA:271,9
DA:272,8
DA:273,8
DA:274,8
DA:275,16
DA:280,16
DA:282,8
DA:283,8
DA:285,0
DA:288,9
DA:292,32
DA:293,10
DA:296,32
DA:297,9
DA:299,0
DA:300,0
DA:301,0
DA:303,0
DA:306,0
DA:307,0
DA:310,0
DA:311,0
DA:315,0
DA:316,0
DA:319,32
DA:320,11
DA:322,1
DA:323,1
DA:324,1
DA:325,1
DA:326,1
DA:328,0
DA:331,1
DA:332,1
DA:335,32
DA:336,0
DA:347,0
DA:348,0
DA:352,32
DA:353,2
DA:356,1
DA:361,2
DA:362,1
DA:368,1
DA:371,1
DA:372,1
DA:374,0
DA:375,0
DA:378,1
DA:379,1
DA:380,1
DA:382,1
DA:383,1
DA:384,1
DA:385,1
DA:386,1
DA:388,0
DA:389,0
DA:396,0
DA:397,0
DA:399,0
DA:402,0
DA:406,1
DA:407,1
DA:408,1
DA:409,1
DA:410,2
DA:413,2
DA:416,2
DA:420,2
DA:430,32
DA:431,1
DA:432,1
DA:433,1
DA:434,1
DA:435,1
DA:436,1
DA:440,32
DA:441,0
DA:442,0
DA:443,0
DA:444,0
DA:447,32
DA:448,0
DA:449,0
DA:450,0
DA:451,0
DA:452,0
DA:456,32
DA:457,0
DA:458,0
DA:460,0
DA:464,32
DA:465,0
DA:466,0
DA:467,0
DA:468,0
DA:471,32
DA:472,0
DA:473,0
DA:474,0
DA:475,0
DA:476,0
DA:480,32
DA:481,0
DA:482,0
DA:484,0
DA:488,32
DA:489,0
DA:490,0
DA:491,0
DA:492,0
DA:493,0
DA:494,0
DA:498,32
DA:499,0
DA:500,0
DA:503,32
DA:504,0
DA:505,0
DA:506,0
DA:508,0
DA:511,32
DA:512,0
DA:513,0
DA:516,32
DA:517,0
DA:518,0
DA:519,0
DA:521,0
DA:527,0
DA:531,32
DA:532,2
DA:533,1
DA:539,1
DA:542,2
DA:558,1
DA:559,2
DA:560,13
DA:561,26
DA:562,26
DA:563,26
DA:566,13
DA:569,2
DA:570,2
DA:571,2
DA:573,2
DA:585,2
DA:592,2
DA:593,1
DA:594,1
DA:595,1
DA:596,1
DA:598,1
DA:599,1
DA:601,0
DA:605,1
DA:606,1
DA:608,1
DA:609,1
DA:612,32
DA:613,2
DA:614,2
DA:615,0
DA:616,0
DA:617,0
DA:618,0
DA:621,2
DA:622,2
DA:623,2
DA:624,1
DA:625,1
DA:628,1
DA:629,1
DA:644,1
DA:645,1
DA:646,1
DA:647,1
DA:651,1
DA:652,1
DA:655,32
DA:656,1
DA:657,1
DA:658,1
DA:659,1
DA:662,32
DA:663,1
DA:664,1
DA:666,1
DA:667,1
DA:668,1
DA:669,1
DA:670,1
DA:671,1
DA:672,0
DA:678,0
DA:681,1
DA:682,1
DA:683,0
DA:689,0
DA:692,1
DA:693,1
DA:694,2
DA:695,1
DA:696,0
DA:702,0
DA:705,1
DA:708,1
DA:713,1
DA:714,1
DA:716,1
DA:717,1
DA:720,1
DA:721,1
DA:723,1
DA:724,1
DA:725,1
DA:726,1
DA:727,1
DA:729,1
DA:730,0
DA:731,0
DA:732,0
DA:735,1
DA:736,1
DA:737,0
DA:738,0
DA:739,0
DA:742,1
DA:746,1
DA:747,1
DA:756,1
DA:757,1
DA:761,1
DA:762,0
DA:763,0
DA:766,1
DA:767,1
DA:768,1
DA:771,1
DA:773,0
DA:774,0
DA:778,1
DA:779,1
DA:783,1
DA:790,0
DA:796,0
DA:798,1
DA:799,1
DA:800,1
DA:805,32
DA:806,0
DA:817,0
DA:818,0
DA:822,32
DA:823,0
DA:825,0
DA:836,0
DA:837,0
DA:838,0
DA:839,0
DA:844,32
DA:845,0
DA:855,32
DA:869,0
DA:888,0
DA:936,0
DA:937,0
DA:941,0
DA:945,0
DA:946,0
DA:998,0
DA:999,0
DA:1002,0
DA:1006,0
DA:1007,0
DA:1008,0
DA:1054,0
DA:1055,0
DA:1070,0
DA:1071,0
DA:1086,0
DA:1087,0
DA:1102,1
DA:1103,1
DA:1118,0
DA:1119,0
DA:1141,0
DA:1150,0
DA:1195,45
DA:1197,45
DA:1201,1
DA:1249,45
DA:1251,45
DA:1255,0
DA:1312,0
DA:1322,0
DA:1339,0
DA:1349,0
DA:1370,1
DA:1380,0
DA:1383,0
DA:1472,15
DA:1475,15
DA:1476,15
DA:1483,0
DA:1492,0
DA:1515,15
DA:1518,0
DA:1519,0
DA:1526,0
DA:1535,0
DA:1558,15
DA:1561,0
DA:1562,0
DA:1569,0
DA:1578,0
DA:1604,15
DA:1605,15
DA:1640,13
DA:1641,14
DA:1678,0
LF:449
LH:294
BRDA:42,0,0,32
BRDA:42,0,1,32
BRDA:42,0,2,32
BRDA:48,1,0,62
BRDA:48,1,1,31
BRDA:48,1,2,31
BRDA:48,1,3,31
BRDA:59,2,0,62
BRDA:59,2,1,31
BRDA:69,3,0,62
BRDA:69,3,1,0
BRDA:69,3,2,0
BRDA:72,4,0,62
BRDA:72,4,1,34
BRDA:73,5,0,0
BRDA:73,5,1,62
BRDA:74,6,0,0
BRDA:74,6,1,62
BRDA:77,7,0,0
BRDA:77,7,1,62
BRDA:78,8,0,0
BRDA:78,8,1,62
BRDA:79,9,0,0
BRDA:79,9,1,62
BRDA:80,10,0,0
BRDA:80,10,1,62
BRDA:81,11,0,62
BRDA:81,11,1,0
BRDA:81,11,2,0
BRDA:81,11,3,0
BRDA:81,11,4,0
BRDA:83,12,0,62
BRDA:83,12,1,62
BRDA:83,12,2,45
BRDA:111,13,0,0
BRDA:111,13,1,1
BRDA:113,14,0,0
BRDA:113,14,1,1
BRDA:122,15,0,1
BRDA:122,15,1,1
BRDA:133,16,0,0
BRDA:133,16,1,0
BRDA:133,17,0,0
BRDA:133,17,1,0
BRDA:133,17,2,0
BRDA:137,18,0,0
BRDA:137,18,1,0
BRDA:140,19,0,0
BRDA:140,19,1,0
BRDA:140,20,0,0
BRDA:140,20,1,0
BRDA:147,21,0,0
BRDA:147,21,1,1
BRDA:170,22,0,4
BRDA:170,22,1,86
BRDA:183,23,0,0
BRDA:183,23,1,1
BRDA:191,24,0,86
BRDA:191,24,1,4
BRDA:204,25,0,16
BRDA:204,25,1,0
BRDA:204,26,0,4
BRDA:204,26,1,12
BRDA:204,27,0,4
BRDA:204,27,1,0
BRDA:217,28,0,120
BRDA:217,28,1,0
BRDA:218,29,0,0
BRDA:218,29,1,0
BRDA:219,30,0,0
BRDA:219,30,1,0
BRDA:220,31,0,0
BRDA:220,31,1,0
BRDA:223,32,0,15
BRDA:223,32,1,17
BRDA:227,33,0,15
BRDA:227,33,1,17
BRDA:232,34,0,9
BRDA:232,34,1,1
BRDA:241,35,0,1
BRDA:241,35,1,9
BRDA:248,36,0,1
BRDA:248,36,1,8
BRDA:252,37,0,0
BRDA:252,37,1,16
BRDA:271,38,0,1
BRDA:271,38,1,8
BRDA:297,39,0,9
BRDA:297,39,1,0
BRDA:297,40,0,9
BRDA:297,40,1,9
BRDA:301,41,0,0
BRDA:301,41,1,0
BRDA:303,42,0,0
BRDA:303,42,1,0
BRDA:306,43,0,0
BRDA:306,43,1,0
BRDA:306,44,0,0
BRDA:306,44,1,0
BRDA:310,45,0,0
BRDA:310,45,1,0
BRDA:310,46,0,0
BRDA:310,46,1,0
BRDA:320,47,0,10
BRDA:320,47,1,1
BRDA:324,48,0,0
BRDA:324,48,1,1
BRDA:325,49,0,1
BRDA:325,49,1,0
BRDA:325,50,0,1
BRDA:325,50,1,1
BRDA:347,51,0,0
BRDA:347,51,1,0
BRDA:355,52,0,2
BRDA:355,52,1,0
BRDA:356,53,0,1
BRDA:356,53,1,0
BRDA:361,54,0,1
BRDA:361,54,1,1
BRDA:384,55,0,1
BRDA:384,55,1,0
BRDA:396,56,0,0
BRDA:396,56,1,0
BRDA:409,57,0,0
BRDA:409,57,1,1
BRDA:410,58,0,0
BRDA:410,58,1,1
BRDA:411,59,0,0
BRDA:411,59,1,0
BRDA:411,59,2,0
BRDA:413,60,0,1
BRDA:413,60,1,0
BRDA:416,61,0,1
BRDA:416,61,1,0
BRDA:421,62,0,1
BRDA:421,62,1,0
BRDA:421,63,0,2
BRDA:421,63,1,0
BRDA:431,64,0,0
BRDA:431,64,1,1
BRDA:432,65,0,1
BRDA:432,65,1,0
BRDA:432,66,0,1
BRDA:432,66,1,1
BRDA:448,67,0,0
BRDA:448,67,1,0
BRDA:448,68,0,0
BRDA:448,68,1,0
BRDA:457,69,0,0
BRDA:457,69,1,0
BRDA:457,70,0,0
BRDA:457,70,1,0
BRDA:472,71,0,0
BRDA:472,71,1,0
BRDA:472,72,0,0
BRDA:472,72,1,0
BRDA:481,73,0,0
BRDA:481,73,1,0
BRDA:481,74,0,0
BRDA:481,74,1,0
BRDA:489,75,0,0
BRDA:489,75,1,0
BRDA:504,76,0,0
BRDA:504,76,1,0
BRDA:504,77,0,0
BRDA:504,77,1,0
BRDA:532,78,0,1
BRDA:532,78,1,1
BRDA:543,79,0,2
BRDA:543,79,1,0
BRDA:544,80,0,2
BRDA:544,80,1,0
BRDA:545,81,0,2
BRDA:545,81,1,0
BRDA:546,82,0,2
BRDA:546,82,1,0
BRDA:547,83,0,0
BRDA:547,83,1,2
BRDA:547,84,0,2
BRDA:547,84,1,2
BRDA:548,85,0,2
BRDA:548,85,1,2
BRDA:549,86,0,2
BRDA:549,86,1,2
BRDA:549,86,2,2
BRDA:550,87,0,0
BRDA:550,87,1,2
BRDA:551,88,0,0
BRDA:551,88,1,2
BRDA:552,89,0,2
BRDA:552,89,1,2
BRDA:553,90,0,2
BRDA:553,90,1,0
BRDA:554,91,0,2
BRDA:554,91,1,0
BRDA:555,92,0,0
BRDA:555,92,1,2
BRDA:558,93,0,1
BRDA:558,93,1,0
BRDA:562,94,0,0
BRDA:562,94,1,26
BRDA:562,95,0,26
BRDA:562,95,1,26
BRDA:596,96,0,0
BRDA:596,96,1,1
BRDA:598,97,0,1
BRDA:598,97,1,0
BRDA:613,98,0,0
BRDA:613,98,1,2
BRDA:614,99,0,0
BRDA:614,99,1,2
BRDA:616,100,0,0
BRDA:616,100,1,0
BRDA:618,101,0,0
BRDA:618,101,1,0
BRDA:623,102,0,1
BRDA:623,102,1,1
BRDA:645,103,0,1
BRDA:645,103,1,0
BRDA:647,104,0,0
BRDA:647,104,1,1
BRDA:652,105,0,0
BRDA:652,105,1,1
BRDA:656,106,0,0
BRDA:656,106,1,1
BRDA:656,107,0,1
BRDA:656,107,1,1
BRDA:656,107,2,1
BRDA:657,108,0,1
BRDA:657,108,1,0
BRDA:659,109,0,0
BRDA:659,109,1,1
BRDA:664,110,0,0
BRDA:664,110,1,1
BRDA:671,111,0,0
BRDA:671,111,1,1
BRDA:682,112,0,0
BRDA:682,112,1,1
BRDA:693,113,0,1
BRDA:693,113,1,0
BRDA:695,114,0,0
BRDA:695,114,1,1
BRDA:708,115,0,1
BRDA:708,115,1,0
BRDA:726,116,0,1
BRDA:726,116,1,0
BRDA:727,117,0,1
BRDA:727,117,1,0
BRDA:729,118,0,0
BRDA:729,118,1,1
BRDA:729,119,0,1
BRDA:729,119,1,1
BRDA:735,120,0,1
BRDA:735,120,1,0
BRDA:736,121,0,0
BRDA:736,121,1,1
BRDA:742,122,0,0
BRDA:742,122,1,1
BRDA:748,123,0,1
BRDA:748,123,1,0
BRDA:751,124,0,0
BRDA:751,124,1,1
BRDA:752,125,0,0
BRDA:752,125,1,1
BRDA:761,126,0,0
BRDA:761,126,1,1
BRDA:766,127,0,1
BRDA:766,127,1,0
BRDA:767,128,0,1
BRDA:767,128,1,0
BRDA:767,129,0,1
BRDA:767,129,1,1
BRDA:778,130,0,1
BRDA:778,130,1,0
BRDA:779,131,0,0
BRDA:779,131,1,1
BRDA:784,132,0,0
BRDA:784,132,1,1
BRDA:799,133,0,1
BRDA:799,133,1,0
BRDA:817,134,0,0
BRDA:817,134,1,0
BRDA:823,135,0,0
BRDA:823,135,1,0
BRDA:836,136,0,0
BRDA:836,136,1,0
BRDA:838,137,0,0
BRDA:838,137,1,0
BRDA:844,138,0,0
BRDA:844,138,1,32
BRDA:867,139,0,32
BRDA:867,139,1,31
BRDA:885,140,0,32
BRDA:885,140,1,31
BRDA:893,141,0,2
BRDA:893,141,1,29
BRDA:915,142,0,32
BRDA:915,142,1,32
BRDA:922,143,0,32
BRDA:922,143,1,0
BRDA:926,144,0,0
BRDA:926,144,1,0
BRDA:932,145,0,0
BRDA:932,145,1,0
BRDA:937,146,0,0
BRDA:937,146,1,0
BRDA:937,146,2,0
BRDA:977,147,0,32
BRDA:977,147,1,32
BRDA:984,148,0,32
BRDA:984,148,1,0
BRDA:988,149,0,0
BRDA:988,149,1,0
BRDA:994,150,0,0
BRDA:994,150,1,0
BRDA:999,151,0,0
BRDA:999,151,1,0
BRDA:1016,152,0,0
BRDA:1016,152,1,0
BRDA:1016,153,0,0
BRDA:1016,153,1,0
BRDA:1057,154,0,15
BRDA:1057,154,1,17
BRDA:1073,155,0,0
BRDA:1073,155,1,32
BRDA:1089,156,0,0
BRDA:1089,156,1,32
BRDA:1105,157,0,17
BRDA:1105,157,1,15
BRDA:1121,158,0,0
BRDA:1121,158,1,32
BRDA:1187,159,0,1
BRDA:1187,159,1,31
BRDA:1213,160,0,45
BRDA:1213,160,1,0
BRDA:1217,161,0,0
BRDA:1217,161,1,45
BRDA:1220,162,0,0
BRDA:1220,162,1,45
BRDA:1221,163,0,0
BRDA:1221,163,1,45
BRDA:1224,164,0,14
BRDA:1224,164,1,31
BRDA:1243,165,0,1
BRDA:1243,165,1,31
BRDA:1261,166,0,45
BRDA:1261,166,1,0
BRDA:1274,167,0,45
BRDA:1274,167,1,0
BRDA:1285,168,0,0
BRDA:1285,168,1,45
BRDA:1289,169,0,0
BRDA:1289,169,1,45
BRDA:1293,170,0,0
BRDA:1293,170,1,45
BRDA:1305,171,0,0
BRDA:1305,171,1,32
BRDA:1332,172,0,0
BRDA:1332,172,1,32
BRDA:1359,173,0,32
BRDA:1359,173,1,15
BRDA:1362,174,0,0
BRDA:1362,174,1,15
BRDA:1368,175,0,0
BRDA:1368,175,1,15
BRDA:1375,176,0,0
BRDA:1375,176,1,15
BRDA:1383,177,0,0
BRDA:1383,177,1,0
BRDA:1417,178,0,0
BRDA:1417,178,1,15
BRDA:1421,179,0,0
BRDA:1421,179,1,15
BRDA:1427,180,0,0
BRDA:1427,180,1,15
BRDA:1431,181,0,0
BRDA:1431,181,1,15
BRDA:1431,182,0,0
BRDA:1431,182,1,15
BRDA:1435,183,0,0
BRDA:1435,183,1,15
BRDA:1435,184,0,15
BRDA:1435,184,1,15
BRDA:1435,184,2,0
BRDA:1439,185,0,0
BRDA:1439,185,1,15
BRDA:1457,186,0,15
BRDA:1457,186,1,0
BRDA:1472,187,0,0
BRDA:1472,187,1,15
BRDA:1489,188,0,15
BRDA:1489,188,1,15
BRDA:1515,189,0,15
BRDA:1515,189,1,0
BRDA:1532,190,0,0
BRDA:1532,190,1,0
BRDA:1558,191,0,15
BRDA:1558,191,1,0
BRDA:1575,192,0,0
BRDA:1575,192,1,0
BRDA:1600,193,0,0
BRDA:1600,193,1,15
BRDA:1608,194,0,0
BRDA:1608,194,1,15
BRDA:1612,195,0,0
BRDA:1612,195,1,15
BRDA:1618,196,0,0
BRDA:1618,196,1,15
BRDA:1624,197,0,0
BRDA:1624,197,1,15
BRDA:1641,198,0,14
BRDA:1641,198,1,1
BRDA:1642,199,0,0
BRDA:1642,199,1,15
BRDA:1648,200,0,15
BRDA:1648,200,1,13
BRDA:1650,201,0,1
BRDA:1650,201,1,14
BRDA:1658,202,0,15
BRDA:1658,202,1,15
BRF:420
BRH:211
end_of_record
TN:
SF:src\pages\LoginPage.jsx
FN:5,(anonymous_0)
FN:9,(anonymous_1)
FNF:2
FNH:2
FNDA:2,(anonymous_0)
FNDA:1,(anonymous_1)
DA:5,1
DA:6,2
DA:7,2
DA:9,2
DA:10,1
DA:11,1
DA:12,1
DA:14,0
DA:15,0
DA:19,2
LF:10
LH:8
BRDA:36,0,0,1
BRDA:36,0,1,1
BRF:2
BRH:2
end_of_record
TN:
SF:src\pages\UserPortal.jsx
FN:9,(anonymous_0)
FN:26,(anonymous_1)
FN:29,(anonymous_2)
FN:30,(anonymous_3)
FN:35,(anonymous_4)
FN:36,(anonymous_5)
FN:43,(anonymous_6)
FN:48,(anonymous_7)
FN:58,(anonymous_8)
FN:62,(anonymous_9)
FN:65,(anonymous_10)
FN:71,(anonymous_11)
FN:72,(anonymous_12)
FN:76,(anonymous_13)
FN:93,(anonymous_14)
FN:94,(anonymous_15)
FN:98,(anonymous_16)
FN:115,(anonymous_17)
FN:117,(anonymous_18)
FN:121,(anonymous_19)
FN:124,(anonymous_20)
FN:127,(anonymous_21)
FN:131,(anonymous_22)
FN:136,(anonymous_23)
FN:140,(anonymous_24)
FN:143,(anonymous_25)
FN:153,(anonymous_26)
FN:156,(anonymous_27)
FN:173,(anonymous_28)
FN:179,(anonymous_29)
FN:185,(anonymous_30)
FN:188,(anonymous_31)
FN:194,(anonymous_32)
FN:202,(anonymous_33)
FN:205,(anonymous_34)
FN:212,(anonymous_35)
FN:217,(anonymous_36)
FN:220,(anonymous_37)
FN:226,(anonymous_38)
FN:276,(anonymous_39)
FN:277,(anonymous_40)
FN:283,(anonymous_41)
FN:341,(anonymous_42)
FN:349,(anonymous_43)
FN:364,(anonymous_44)
FN:369,(anonymous_45)
FN:378,(anonymous_46)
FN:378,(anonymous_47)
FN:388,(anonymous_48)
FN:388,(anonymous_49)
FN:437,(anonymous_50)
FNF:51
FNH:40
FNDA:31,(anonymous_0)
FNDA:62,(anonymous_1)
FNDA:31,(anonymous_2)
FNDA:31,(anonymous_3)
FNDA:31,(anonymous_4)
FNDA:31,(anonymous_5)
FNDA:31,(anonymous_6)
FNDA:0,(anonymous_7)
FNDA:0,(anonymous_8)
FNDA:7,(anonymous_9)
FNDA:8,(anonymous_10)
FNDA:21,(anonymous_11)
FNDA:21,(anonymous_12)
FNDA:21,(anonymous_13)
FNDA:21,(anonymous_14)
FNDA:21,(anonymous_15)
FNDA:10,(anonymous_16)
FNDA:4,(anonymous_17)
FNDA:0,(anonymous_18)
FNDA:4,(anonymous_19)
FNDA:0,(anonymous_20)
FNDA:7,(anonymous_21)
FNDA:3,(anonymous_22)
FNDA:12,(anonymous_23)
FNDA:5,(anonymous_24)
FNDA:1,(anonymous_25)
FNDA:1,(anonymous_26)
FNDA:0,(anonymous_27)
FNDA:1,(anonymous_28)
FNDA:1,(anonymous_29)
FNDA:1,(anonymous_30)
FNDA:1,(anonymous_31)
FNDA:3,(anonymous_32)
FNDA:1,(anonymous_33)
FNDA:1,(anonymous_34)
FNDA:1,(anonymous_35)
FNDA:1,(anonymous_36)
FNDA:1,(anonymous_37)
FNDA:1,(anonymous_38)
FNDA:4,(anonymous_39)
FNDA:4,(anonymous_40)
FNDA:0,(anonymous_41)
FNDA:8,(anonymous_42)
FNDA:0,(anonymous_43)
FNDA:19,(anonymous_44)
FNDA:3,(anonymous_45)
FNDA:0,(anonymous_46)
FNDA:0,(anonymous_47)
FNDA:0,(anonymous_48)
FNDA:0,(anonymous_49)
FNDA:1,(anonymous_50)
DA:9,1
DA:10,31
DA:11,31
DA:12,31
DA:13,31
DA:14,31
DA:15,31
DA:16,31
DA:17,31
DA:18,31
DA:19,31
DA:20,31
DA:21,31
DA:22,31
DA:23,31
DA:26,62
DA:29,31
DA:30,31
DA:31,31
DA:35,31
DA:36,31
DA:37,31
DA:39,31
DA:43,31
DA:44,31
DA:46,31
DA:47,31
DA:48,0
DA:50,31
DA:51,31
DA:57,31
DA:58,0
DA:61,31
DA:62,7
DA:65,31
DA:66,8
DA:67,4
DA:71,31
DA:72,21
DA:73,21
DA:74,21
DA:75,21
DA:76,21
DA:77,21
DA:78,13
DA:83,13
DA:85,21
DA:87,0
DA:91,21
DA:93,21
DA:94,21
DA:95,21
DA:96,10
DA:97,10
DA:98,10
DA:99,10
DA:105,10
DA:106,10
DA:108,0
DA:111,21
DA:115,31
DA:116,4
DA:117,4
DA:118,4
DA:119,4
DA:120,4
DA:121,4
DA:123,0
DA:124,0
DA:127,31
DA:128,7
DA:129,3
DA:130,3
DA:131,7
DA:132,3
DA:136,31
DA:137,12
DA:140,31
DA:141,5
DA:143,1
DA:144,1
DA:145,1
DA:147,1
DA:148,1
DA:152,1
DA:153,1
DA:156,31
DA:157,0
DA:168,0
DA:169,0
DA:173,31
DA:174,1
DA:175,1
DA:179,31
DA:180,1
DA:181,1
DA:185,31
DA:186,1
DA:188,1
DA:194,31
DA:195,3
DA:196,3
DA:197,1
DA:198,1
DA:202,31
DA:203,1
DA:204,1
DA:205,1
DA:206,1
DA:207,1
DA:212,31
DA:213,1
DA:214,1
DA:217,31
DA:218,1
DA:219,1
DA:220,1
DA:221,1
DA:222,1
DA:226,31
DA:227,1
DA:228,0
DA:230,1
DA:234,31
DA:277,4
DA:278,4
DA:280,4
DA:284,0
DA:285,0
DA:341,8
DA:349,0
DA:365,19
DA:369,3
DA:378,0
DA:388,0
DA:437,1
LF:136
LH:121
BRDA:31,0,0,31
BRDA:31,0,1,31
BRDA:31,0,2,31
BRDA:37,1,0,31
BRDA:37,1,1,31
BRDA:37,1,2,31
BRDA:44,2,0,31
BRDA:44,2,1,12
BRDA:46,3,0,31
BRDA:46,3,1,0
BRDA:47,4,0,31
BRDA:47,4,1,19
BRDA:57,5,0,7
BRDA:57,5,1,24
BRDA:61,6,0,7
BRDA:61,6,1,24
BRDA:66,7,0,4
BRDA:66,7,1,4
BRDA:73,8,0,0
BRDA:73,8,1,21
BRDA:77,9,0,8
BRDA:77,9,1,13
BRDA:95,10,0,11
BRDA:95,10,1,10
BRDA:119,11,0,4
BRDA:119,11,1,0
BRDA:128,12,0,4
BRDA:128,12,1,3
BRDA:130,13,0,1
BRDA:130,13,1,2
BRDA:141,14,0,4
BRDA:141,14,1,1
BRDA:145,15,0,1
BRDA:145,15,1,1
BRDA:147,16,0,1
BRDA:147,16,1,0
BRDA:168,17,0,0
BRDA:168,17,1,0
BRDA:174,18,0,1
BRDA:174,18,1,0
BRDA:180,19,0,1
BRDA:180,19,1,0
BRDA:180,20,0,1
BRDA:180,20,1,1
BRDA:196,21,0,1
BRDA:196,21,1,2
BRDA:203,22,0,0
BRDA:203,22,1,1
BRDA:218,23,0,0
BRDA:218,23,1,1
BRDA:218,24,0,1
BRDA:218,24,1,1
BRDA:227,25,0,0
BRDA:227,25,1,1
BRDA:227,26,0,1
BRDA:227,26,1,0
BRDA:256,27,0,31
BRDA:256,27,1,31
BRDA:263,28,0,31
BRDA:263,28,1,4
BRDA:267,29,0,2
BRDA:267,29,1,2
BRDA:273,30,0,0
BRDA:273,30,1,4
BRDA:278,31,0,4
BRDA:278,31,1,4
BRDA:278,31,2,4
BRDA:361,32,0,12
BRDA:361,32,1,19
BRDA:375,33,0,31
BRDA:375,33,1,0
BRDA:401,34,0,7
BRDA:401,34,1,24
BRDA:426,35,0,31
BRDA:426,35,1,4
BRDA:426,35,2,2
BRDA:426,35,3,2
BRDA:429,36,0,1
BRDA:429,36,1,1
BRDA:435,37,0,1
BRDA:435,37,1,1
BRF:81
BRH:67
end_of_record
TN:
SF:src\utils\helpers.js
FN:3,(anonymous_0)
FN:12,(anonymous_1)
FN:21,(anonymous_2)
FN:31,(anonymous_3)
FN:32,(anonymous_4)
FN:35,(anonymous_5)
FN:36,(anonymous_6)
FNF:7
FNH:7
FNDA:97,(anonymous_0)
FNDA:3,(anonymous_1)
FNDA:132,(anonymous_2)
FNDA:1,(anonymous_3)
FNDA:2,(anonymous_4)
FNDA:1,(anonymous_5)
FNDA:2,(anonymous_6)
DA:3,4
DA:4,97
DA:5,97
DA:12,4
DA:13,3
DA:14,3
DA:21,4
DA:22,132
DA:28,132
DA:31,4
DA:32,2
DA:35,4
DA:36,2
LF:13
LH:13
BRDA:28,0,0,132
BRDA:28,0,1,1
BRF:2
BRH:2
end_of_record
